<?xml version="1.0" encoding="UTF-8"?>
<!-- Generated by org.testng.reporters.JUnitReportReporter -->
<testsuite hostname="DESKTOP-H96LQBC" failures="0" tests="5" name="com.qaclickacademy.app.LoginTest" time="11.312" errors="0" timestamp="2022-08-25T22:17:14 CDT" skipped="0">
  <testcase classname="com.qaclickacademy.app.LoginTest" name="loginTest" time="2.262"/>
  <system-out/>
  <testcase classname="com.qaclickacademy.app.LoginTest" name="loginTest" time="2.228"/>
  <system-out/>
  <testcase classname="com.qaclickacademy.app.LoginTest" name="loginTest" time="2.221"/>
  <system-out/>
  <testcase classname="com.qaclickacademy.app.LoginTest" name="loginTest" time="2.268"/>
  <system-out/>
  <testcase classname="com.qaclickacademy.app.LoginTest" name="loginTest" time="2.333"/>
  <system-out/>
</testsuite> <!-- com.qaclickacademy.app.LoginTest -->
