<?xml version="1.0" encoding="UTF-8"?>
<!-- Generated by org.testng.reporters.JUnitReportReporter -->
<testsuite hostname="DESKTOP-H96LQBC" failures="0" tests="5" name="com.qaclickacademy.app.LoginTest" time="11.253" errors="0" timestamp="2022-08-26T00:32:12 CDT" skipped="0">
  <testcase classname="com.qaclickacademy.app.LoginTest" name="loginTest" time="2.246"/>
  <system-out/>
  <testcase classname="com.qaclickacademy.app.LoginTest" name="loginTest" time="2.219"/>
  <system-out/>
  <testcase classname="com.qaclickacademy.app.LoginTest" name="loginTest" time="2.221"/>
  <system-out/>
  <testcase classname="com.qaclickacademy.app.LoginTest" name="loginTest" time="2.225"/>
  <system-out/>
  <testcase classname="com.qaclickacademy.app.LoginTest" name="loginTest" time="2.342"/>
  <system-out/>
</testsuite> <!-- com.qaclickacademy.app.LoginTest -->
