<?xml version="1.0" encoding="UTF-8"?>
<!-- Generated by org.testng.reporters.JUnitReportReporter -->
<testsuite hostname="DESKTOP-H96LQBC" failures="0" tests="5" name="com.qaclickacademy.app.LoginTest" time="11.220" errors="0" timestamp="2022-08-25T23:57:09 CDT" skipped="0">
  <testcase classname="com.qaclickacademy.app.LoginTest" name="loginTest" time="2.219"/>
  <system-out/>
  <testcase classname="com.qaclickacademy.app.LoginTest" name="loginTest" time="2.331"/>
  <system-out/>
  <testcase classname="com.qaclickacademy.app.LoginTest" name="loginTest" time="2.247"/>
  <system-out/>
  <testcase classname="com.qaclickacademy.app.LoginTest" name="loginTest" time="2.220"/>
  <system-out/>
  <testcase classname="com.qaclickacademy.app.LoginTest" name="loginTest" time="2.203"/>
  <system-out/>
</testsuite> <!-- com.qaclickacademy.app.LoginTest -->
