<?xml version="1.0" encoding="UTF-8"?>
<!-- Generated by org.testng.reporters.JUnitReportReporter -->
<testsuite hostname="DESKTOP-H96LQBC" failures="0" tests="1" name="com.qaclickacademy.app.HomePageTest" time="0.047" errors="0" timestamp="2022-08-26T00:32:12 CDT" skipped="0">
  <testcase classname="com.qaclickacademy.app.HomePageTest" name="navBarTest" time="0.047"/>
  <system-out/>
</testsuite> <!-- com.qaclickacademy.app.HomePageTest -->
